C:\Users\gaoming\AppData\Local\Programs\Python\Python38\python.exe C:/g.Programs/Python/nndlLabs/chap6/tf_rnn.py

		Chapter6. Recurrent Neural Network, RNN exercise (TF) 
STEP 1. Load training data
STEP 2. Training model
STEP 3: Generate text by model
other, bye-bye !
please input step:1
--- begin parse dataset ---
total terms count is:  6257
--- end parse dataset ---
please input step:3
2020-06-19 10:12:30.725411: E tensorflow/stream_executor/cuda/cuda_driver.cc:313] failed call to cuInit: UNKNOWN ERROR (303)
----- build model -------
Model: "sequential"
_________________________________________________________________
Layer (type)                 Output Shape              Param #   
=================================================================
RNN_TF._Embedding (Embedding (1, None, 64)             400448    
_________________________________________________________________
RNN_TF._GRU (GRU)            (1, None, 1024)           3348480   
_________________________________________________________________
RNN_TF._Dense (Dense)        (1, None, 6257)           6413425   
=================================================================
Total params: 10,162,353
Trainable params: 10,162,353
Non-trainable params: 0
_________________________________________________________________
----- load model -------
----- build model -------
Model: "sequential"
_________________________________________________________________
Layer (type)                 Output Shape              Param #   
=================================================================
RNN_TF._Embedding (Embedding (1, None, 64)             400448    
_________________________________________________________________
RNN_TF._GRU (GRU)            (1, None, 1024)           3348480   
_________________________________________________________________
RNN_TF._Dense (Dense)        (1, None, 6257)           6413425   
=================================================================
Total params: 10,162,353
Trainable params: 10,162,353
Non-trainable params: 0
_________________________________________________________________
starting text as:
['日', '红', '山', '夜', '湖', '海', '月', '春', '风', '火']
[6, 133, 4, 33, 336, 134, 15, 12, 5, 356]
['日', '蓉', '妨', '日', '夜', '深', '无', '月', '去', '中', '中', '不', '月', 'E', '中', '春', '秋', '夜', '夜', '啼', '寒']
['红', '花', '落', '叶', '柳', '花', '濛', '叶', '袅', '花', '红', '粉', '袅', '红', '红', '粉', '粉', '红', '红', '粉', '粉']
['山', '红', '红', '红', '上', '红', '风', '红', '水', '落', '风', '风', '水', '雨', '风', '风', '落', '雨', '水', '风', '风']
['夜', '夜', '声', '声', '夜', '夜', '月', '斜', '声', '夜', '夜', '斜', 'E', '月', '一', '中', '秋', '上', '里', '秋', '里']
['湖', '水', '水', '山', '山', '水', '水', '水', '风', '风', 'E', '水', ' ', '风', '春', '水', '水', '风', '花', '水', '水']
['海', '花', '山', '夜', '月', '山', '花', '夜', '夜', '月', '花', '花', '月', '月', '花', '花', '月', '月', '月', '花', '花']
['月', '满', '落', '声', '中', '满', '落', '中', 'E', '里', '一', '上', '无', '中', '里', '不', '中', '秋', '上', '深', '中']
['春', '风', '风', '雨', '雨', '风', '月', '夜', '风', '风', '月', '月', '风', 'E', '月', ' ', '风', '一', '水', '水', '风']
['风', '落', '落', '啼', '花', '落', '落', '啼', '啼', '落', '雨', '声', 'E', '落', ' ', '雨', '一', '上', '落', '花', '声']
['火', '一', '中', '寒', '中', '不', '寒', '花', 'E', '落', '一', '中', '无', '上', '发', '不', '中', '一', '上', '春', '中']
please input step: